# JRE version: OpenJDK Runtime Environment (11.0.8+10) (build 11.0.8+10-b944.6842174)
# Java VM: OpenJDK 64-Bit Server VM (11.0.8+10-b944.6842174, mixed mode, tiered, compressed oops, g1 gc, windows-amd64)
Heap:
 garbage-first heap   total 155648K, used 116892K [0x00000000a0000000, 0x0000000100000000)
  region size 1024K, 22 young (22528K), 5 survivors (5120K)
 Metaspace       used 81967K, capacity 85589K, committed 85764K, reserved 1124352K
  class space    used 10715K, capacity 11839K, committed 11880K, reserved 1048576K
GC Heap History (20 events):
Event: 17.191 GC heap before
{Heap before GC invocations=19 (full 0):
 garbage-first heap   total 129024K, used 101629K [0x00000000a0000000, 0x0000000100000000)
  region size 1024K, 42 young (43008K), 4 survivors (4096K)
 Metaspace       used 70865K, capacity 72992K, committed 73220K, reserved 1112064K
  class space    used 9194K, capacity 9964K, committed 10088K, reserved 1048576K
}
Event: 17.208 GC heap after
{Heap after GC invocations=20 (full 0):
 garbage-first heap   total 129024K, used 70162K [0x00000000a0000000, 0x0000000100000000)
  region size 1024K, 6 young (6144K), 6 survivors (6144K)
 Metaspace       used 70865K, capacity 72992K, committed 73220K, reserved 1112064K
  class space    used 9194K, capacity 9964K, committed 10088K, reserved 1048576K
}
Event: 18.152 GC heap before
{Heap before GC invocations=21 (full 0):
 garbage-first heap   total 129024K, used 101906K [0x00000000a0000000, 0x0000000100000000)
  region size 1024K, 38 young (38912K), 6 survivors (6144K)
 Metaspace       used 72061K, capacity 74744K, committed 75012K, reserved 1114112K
  class space    used 9363K, capacity 10245K, committed 10344K, reserved 1048576K
}
Event: 18.168 GC heap after
{Heap after GC invocations=22 (full 0):
 garbage-first heap   total 129024K, used 75873K [0x00000000a0000000, 0x0000000100000000)
  region size 1024K, 5 young (5120K), 5 survivors (5120K)
 Metaspace       used 72061K, capacity 74744K, committed 75012K, reserved 1114112K
  class space    used 9363K, capacity 10245K, committed 10344K, reserved 1048576K
}
Event: 18.845 GC heap before
{Heap before GC invocations=22 (full 0):
 garbage-first heap   total 129024K, used 102497K [0x00000000a0000000, 0x0000000100000000)
  region size 1024K, 32 young (32768K), 5 survivors (5120K)
 Metaspace       used 72576K, capacity 75694K, committed 75908K, reserved 1114112K
  class space    used 9420K, capacity 10372K, committed 10472K, reserved 1048576K
}
Event: 18.862 GC heap after
{Heap after GC invocations=23 (full 0):
 garbage-first heap   total 129024K, used 80543K [0x00000000a0000000, 0x0000000100000000)
  region size 1024K, 4 young (4096K), 4 survivors (4096K)
 Metaspace       used 72576K, capacity 75694K, committed 75908K, reserved 1114112K
  class space    used 9420K, capacity 10372K, committed 10472K, reserved 1048576K
}
Event: 19.382 GC heap before
{Heap before GC invocations=24 (full 0):
 garbage-first heap   total 129024K, used 104095K [0x00000000a0000000, 0x0000000100000000)
  region size 1024K, 27 young (27648K), 4 survivors (4096K)
 Metaspace       used 73839K, capacity 76957K, committed 77060K, reserved 1116160K
  class space    used 9607K, capacity 10548K, committed 10600K, reserved 1048576K
}
Event: 19.396 GC heap after
{Heap after GC invocations=25 (full 0):
 garbage-first heap   total 155648K, used 84398K [0x00000000a0000000, 0x0000000100000000)
  region size 1024K, 4 young (4096K), 4 survivors (4096K)
 Metaspace       used 73839K, capacity 76957K, committed 77060K, reserved 1116160K
  class space    used 9607K, capacity 10548K, committed 10600K, reserved 1048576K
}
Event: 20.094 GC heap before
{Heap before GC invocations=25 (full 0):
 garbage-first heap   total 155648K, used 116142K [0x00000000a0000000, 0x0000000100000000)
  region size 1024K, 35 young (35840K), 4 survivors (4096K)
 Metaspace       used 76810K, capacity 79991K, committed 80132K, reserved 1118208K
  class space    used 10048K, capacity 11017K, committed 11112K, reserved 1048576K
}
Event: 20.104 GC heap after
{Heap after GC invocations=26 (full 0):
 garbage-first heap   total 155648K, used 85669K [0x00000000a0000000, 0x0000000100000000)
  region size 1024K, 2 young (2048K), 2 survivors (2048K)
 Metaspace       used 76810K, capacity 79991K, committed 80132K, reserved 1118208K
  class space    used 10048K, capacity 11017K, committed 11112K, reserved 1048576K
}
Event: 21.108 GC heap before
{Heap before GC invocations=27 (full 0):
 garbage-first heap   total 155648K, used 118437K [0x00000000a0000000, 0x0000000100000000)
  region size 1024K, 34 young (34816K), 2 survivors (2048K)
 Metaspace       used 78259K, capacity 81631K, committed 81924K, reserved 1120256K
  class space    used 10224K, capacity 11270K, committed 11368K, reserved 1048576K
}
Event: 21.122 GC heap after
{Heap after GC invocations=28 (full 0):
 garbage-first heap   total 155648K, used 89851K [0x00000000a0000000, 0x0000000100000000)
  region size 1024K, 5 young (5120K), 5 survivors (5120K)
 Metaspace       used 78259K, capacity 81631K, committed 81924K, reserved 1120256K
  class space    used 10224K, capacity 11270K, committed 11368K, reserved 1048576K
}
Event: 21.867 GC heap before
{Heap before GC invocations=28 (full 0):
 garbage-first heap   total 155648K, used 120571K [0x00000000a0000000, 0x0000000100000000)
  region size 1024K, 36 young (36864K), 5 survivors (5120K)
 Metaspace       used 79128K, capacity 82562K, committed 82820K, reserved 1120256K
  class space    used 10370K, capacity 11447K, committed 11496K, reserved 1048576K
}
Event: 21.883 GC heap after
{Heap after GC invocations=29 (full 0):
 garbage-first heap   total 155648K, used 91941K [0x00000000a0000000, 0x0000000100000000)
  region size 1024K, 2 young (2048K), 2 survivors (2048K)
 Metaspace       used 79128K, capacity 82562K, committed 82820K, reserved 1120256K
  class space    used 10370K, capacity 11447K, committed 11496K, reserved 1048576K
}
Event: 22.595 GC heap before
{Heap before GC invocations=30 (full 0):
 garbage-first heap   total 155648K, used 122661K [0x00000000a0000000, 0x0000000100000000)
  region size 1024K, 33 young (33792K), 2 survivors (2048K)
 Metaspace       used 79470K, capacity 83025K, committed 83076K, reserved 1120256K
  class space    used 10381K, capacity 11483K, committed 11496K, reserved 1048576K
}
Event: 22.602 GC heap after
{Heap after GC invocations=31 (full 0):
 garbage-first heap   total 155648K, used 93842K [0x00000000a0000000, 0x0000000100000000)
  region size 1024K, 4 young (4096K), 4 survivors (4096K)
 Metaspace       used 79470K, capacity 83025K, committed 83076K, reserved 1120256K
  class space    used 10381K, capacity 11483K, committed 11496K, reserved 1048576K
}
Event: 23.035 GC heap before
{Heap before GC invocations=31 (full 0):
 garbage-first heap   total 155648K, used 125586K [0x00000000a0000000, 0x0000000100000000)
  region size 1024K, 35 young (35840K), 4 survivors (4096K)
 Metaspace       used 79759K, capacity 83252K, committed 83332K, reserved 1122304K
  class space    used 10406K, capacity 11493K, committed 11496K, reserved 1048576K
}
Event: 23.047 GC heap after
{Heap after GC invocations=32 (full 0):
 garbage-first heap   total 155648K, used 96831K [0x00000000a0000000, 0x0000000100000000)
  region size 1024K, 5 young (5120K), 5 survivors (5120K)
 Metaspace       used 79759K, capacity 83252K, committed 83332K, reserved 1122304K
  class space    used 10406K, capacity 11493K, committed 11496K, reserved 1048576K
}
Event: 23.633 GC heap before
{Heap before GC invocations=33 (full 0):
 garbage-first heap   total 155648K, used 127551K [0x00000000a0000000, 0x0000000100000000)
  region size 1024K, 35 young (35840K), 5 survivors (5120K)
 Metaspace       used 80834K, capacity 84412K, committed 84612K, reserved 1122304K
  class space    used 10542K, capacity 11637K, committed 11752K, reserved 1048576K
}
Event: 23.650 GC heap after
{Heap after GC invocations=34 (full 0):
 garbage-first heap   total 155648K, used 101532K [0x00000000a0000000, 0x0000000100000000)
  region size 1024K, 5 young (5120K), 5 survivors (5120K)
 Metaspace       used 80834K, capacity 84412K, committed 84612K, reserved 1122304K
  class space    used 10542K, capacity 11637K, committed 11752K, reserved 1048576K
}

