# JRE version: OpenJDK Runtime Environment (11.0.8+10) (build 11.0.8+10-b944.6842174)
# Java VM: OpenJDK 64-Bit Server VM (11.0.8+10-b944.6842174, mixed mode, tiered, compressed oops, g1 gc, windows-amd64)
Heap:
 garbage-first heap   total 129024K, used 24486K [0x00000000a0000000, 0x0000000100000000)
  region size 1024K, 10 young (10240K), 1 survivors (1024K)
 Metaspace       used 21335K, capacity 21805K, committed 22144K, reserved 1069056K
  class space    used 2688K, capacity 2857K, committed 2944K, reserved 1048576K
GC Heap History (6 events):
Event: 1.794 GC heap before
{Heap before GC invocations=0 (full 0):
 garbage-first heap   total 129024K, used 29696K [0x00000000a0000000, 0x0000000100000000)
  region size 1024K, 24 young (24576K), 0 survivors (0K)
 Metaspace       used 10528K, capacity 10789K, committed 11008K, reserved 1058816K
  class space    used 1103K, capacity 1195K, committed 1280K, reserved 1048576K
}
Event: 1.815 GC heap after
{Heap after GC invocations=1 (full 0):
 garbage-first heap   total 129024K, used 8641K [0x00000000a0000000, 0x0000000100000000)
  region size 1024K, 3 young (3072K), 3 survivors (3072K)
 Metaspace       used 10528K, capacity 10789K, committed 11008K, reserved 1058816K
  class space    used 1103K, capacity 1195K, committed 1280K, reserved 1048576K
}
Event: 6.460 GC heap before
{Heap before GC invocations=1 (full 0):
 garbage-first heap   total 129024K, used 81345K [0x00000000a0000000, 0x0000000100000000)
  region size 1024K, 75 young (76800K), 3 survivors (3072K)
 Metaspace       used 18636K, capacity 19037K, committed 19328K, reserved 1067008K
  class space    used 2260K, capacity 2376K, committed 2432K, reserved 1048576K
}
Event: 6.477 GC heap after
{Heap after GC invocations=2 (full 0):
 garbage-first heap   total 129024K, used 15411K [0x00000000a0000000, 0x0000000100000000)
  region size 1024K, 10 young (10240K), 10 survivors (10240K)
 Metaspace       used 18636K, capacity 19037K, committed 19328K, reserved 1067008K
  class space    used 2260K, capacity 2376K, committed 2432K, reserved 1048576K
}
Event: 6.997 GC heap before
{Heap before GC invocations=2 (full 0):
 garbage-first heap   total 129024K, used 26675K [0x00000000a0000000, 0x0000000100000000)
  region size 1024K, 22 young (22528K), 10 survivors (10240K)
 Metaspace       used 20670K, capacity 21123K, committed 21248K, reserved 1067008K
  class space    used 2549K, capacity 2693K, committed 2816K, reserved 1048576K
}
Event: 7.016 GC heap after
{Heap after GC invocations=3 (full 0):
 garbage-first heap   total 129024K, used 16294K [0x00000000a0000000, 0x0000000100000000)
  region size 1024K, 1 young (1024K), 1 survivors (1024K)
 Metaspace       used 20670K, capacity 21123K, committed 21248K, reserved 1067008K
  class space    used 2549K, capacity 2693K, committed 2816K, reserved 1048576K
}

