# JRE version: OpenJDK Runtime Environment (11.0.8+10) (build 11.0.8+10-b944.6842174)
# Java VM: OpenJDK 64-Bit Server VM (11.0.8+10-b944.6842174, mixed mode, tiered, compressed oops, g1 gc, windows-amd64)
Heap:
 garbage-first heap   total 187392K, used 107915K [0x00000000a0000000, 0x0000000100000000)
  region size 1024K, 9 young (9216K), 6 survivors (6144K)
 Metaspace       used 82191K, capacity 85634K, committed 85888K, reserved 1124352K
  class space    used 10709K, capacity 11790K, committed 11904K, reserved 1048576K
GC Heap History (20 events):
Event: 10.469 GC heap before
{Heap before GC invocations=14 (full 0):
 garbage-first heap   total 155648K, used 79943K [0x00000000a0000000, 0x0000000100000000)
  region size 1024K, 34 young (34816K), 9 survivors (9216K)
 Metaspace       used 66667K, capacity 68391K, committed 68480K, reserved 1107968K
  class space    used 8587K, capacity 9197K, committed 9216K, reserved 1048576K
}
Event: 10.481 GC heap after
{Heap after GC invocations=15 (full 0):
 garbage-first heap   total 155648K, used 57622K [0x00000000a0000000, 0x0000000100000000)
  region size 1024K, 7 young (7168K), 7 survivors (7168K)
 Metaspace       used 66667K, capacity 68391K, committed 68480K, reserved 1107968K
  class space    used 8587K, capacity 9197K, committed 9216K, reserved 1048576K
}
Event: 11.034 GC heap before
{Heap before GC invocations=16 (full 0):
 garbage-first heap   total 155648K, used 108822K [0x00000000a0000000, 0x0000000100000000)
  region size 1024K, 57 young (58368K), 7 survivors (7168K)
 Metaspace       used 68426K, capacity 70374K, committed 70656K, reserved 1110016K
  class space    used 8915K, capacity 9668K, committed 9728K, reserved 1048576K
}
Event: 11.057 GC heap after
{Heap after GC invocations=17 (full 0):
 garbage-first heap   total 155648K, used 62057K [0x00000000a0000000, 0x0000000100000000)
  region size 1024K, 7 young (7168K), 7 survivors (7168K)
 Metaspace       used 68426K, capacity 70374K, committed 70656K, reserved 1110016K
  class space    used 8915K, capacity 9668K, committed 9728K, reserved 1048576K
}
Event: 12.041 GC heap before
{Heap before GC invocations=18 (full 0):
 garbage-first heap   total 155648K, used 111209K [0x00000000a0000000, 0x0000000100000000)
  region size 1024K, 56 young (57344K), 7 survivors (7168K)
 Metaspace       used 69952K, capacity 72098K, committed 72320K, reserved 1112064K
  class space    used 9090K, capacity 9816K, committed 9856K, reserved 1048576K
}
Event: 12.052 GC heap after
{Heap after GC invocations=19 (full 0):
 garbage-first heap   total 155648K, used 66353K [0x00000000a0000000, 0x0000000100000000)
  region size 1024K, 5 young (5120K), 5 survivors (5120K)
 Metaspace       used 69952K, capacity 72098K, committed 72320K, reserved 1112064K
  class space    used 9090K, capacity 9816K, committed 9856K, reserved 1048576K
}
Event: 12.869 GC heap before
{Heap before GC invocations=19 (full 0):
 garbage-first heap   total 155648K, used 116529K [0x00000000a0000000, 0x0000000100000000)
  region size 1024K, 54 young (55296K), 5 survivors (5120K)
 Metaspace       used 72169K, capacity 74653K, committed 74752K, reserved 1114112K
  class space    used 9381K, capacity 10237K, committed 10240K, reserved 1048576K
}
Event: 12.882 GC heap after
{Heap after GC invocations=20 (full 0):
 garbage-first heap   total 155648K, used 75156K [0x00000000a0000000, 0x0000000100000000)
  region size 1024K, 7 young (7168K), 7 survivors (7168K)
 Metaspace       used 72169K, capacity 74653K, committed 74752K, reserved 1114112K
  class space    used 9381K, capacity 10237K, committed 10240K, reserved 1048576K
}
Event: 13.875 GC heap before
{Heap before GC invocations=20 (full 0):
 garbage-first heap   total 155648K, used 119188K [0x00000000a0000000, 0x0000000100000000)
  region size 1024K, 50 young (51200K), 7 survivors (7168K)
 Metaspace       used 73241K, capacity 76347K, committed 76544K, reserved 1116160K
  class space    used 9509K, capacity 10471K, committed 10496K, reserved 1048576K
}
Event: 13.892 GC heap after
{Heap after GC invocations=21 (full 0):
 garbage-first heap   total 155648K, used 83086K [0x00000000a0000000, 0x0000000100000000)
  region size 1024K, 7 young (7168K), 7 survivors (7168K)
 Metaspace       used 73241K, capacity 76347K, committed 76544K, reserved 1116160K
  class space    used 9509K, capacity 10471K, committed 10496K, reserved 1048576K
}
Event: 14.711 GC heap before
{Heap before GC invocations=21 (full 0):
 garbage-first heap   total 155648K, used 121998K [0x00000000a0000000, 0x0000000100000000)
  region size 1024K, 45 young (46080K), 7 survivors (7168K)
 Metaspace       used 76609K, capacity 79780K, committed 79872K, reserved 1118208K
  class space    used 10016K, capacity 10988K, committed 11008K, reserved 1048576K
}
Event: 14.730 GC heap after
{Heap after GC invocations=22 (full 0):
 garbage-first heap   total 187392K, used 85950K [0x00000000a0000000, 0x0000000100000000)
  region size 1024K, 3 young (3072K), 3 survivors (3072K)
 Metaspace       used 76609K, capacity 79780K, committed 79872K, reserved 1118208K
  class space    used 10016K, capacity 10988K, committed 11008K, reserved 1048576K
}
Event: 16.168 GC heap before
{Heap before GC invocations=23 (full 0):
 garbage-first heap   total 187392K, used 134078K [0x00000000a0000000, 0x0000000100000000)
  region size 1024K, 51 young (52224K), 3 survivors (3072K)
 Metaspace       used 79257K, capacity 82774K, committed 82944K, reserved 1120256K
  class space    used 10404K, capacity 11502K, committed 11520K, reserved 1048576K
}
Event: 16.183 GC heap after
{Heap after GC invocations=24 (full 0):
 garbage-first heap   total 187392K, used 90371K [0x00000000a0000000, 0x0000000100000000)
  region size 1024K, 7 young (7168K), 7 survivors (7168K)
 Metaspace       used 79257K, capacity 82774K, committed 82944K, reserved 1120256K
  class space    used 10404K, capacity 11502K, committed 11520K, reserved 1048576K
}
Event: 16.883 GC heap before
{Heap before GC invocations=24 (full 0):
 garbage-first heap   total 187392K, used 138499K [0x00000000a0000000, 0x0000000100000000)
  region size 1024K, 55 young (56320K), 7 survivors (7168K)
 Metaspace       used 79762K, capacity 83224K, committed 83456K, reserved 1122304K
  class space    used 10418K, capacity 11509K, committed 11520K, reserved 1048576K
}
Event: 16.896 GC heap after
{Heap after GC invocations=25 (full 0):
 garbage-first heap   total 187392K, used 93760K [0x00000000a0000000, 0x0000000100000000)
  region size 1024K, 4 young (4096K), 4 survivors (4096K)
 Metaspace       used 79762K, capacity 83224K, committed 83456K, reserved 1122304K
  class space    used 10418K, capacity 11509K, committed 11520K, reserved 1048576K
}
Event: 17.386 GC heap before
{Heap before GC invocations=25 (full 0):
 garbage-first heap   total 187392K, used 143936K [0x00000000a0000000, 0x0000000100000000)
  region size 1024K, 53 young (54272K), 4 survivors (4096K)
 Metaspace       used 80418K, capacity 83850K, committed 84096K, reserved 1122304K
  class space    used 10486K, capacity 11562K, committed 11648K, reserved 1048576K
}
Event: 17.399 GC heap after
{Heap after GC invocations=26 (full 0):
 garbage-first heap   total 187392K, used 100352K [0x00000000a0000000, 0x0000000100000000)
  region size 1024K, 7 young (7168K), 7 survivors (7168K)
 Metaspace       used 80418K, capacity 83850K, committed 84096K, reserved 1122304K
  class space    used 10486K, capacity 11562K, committed 11648K, reserved 1048576K
}
Event: 18.210 GC heap before
{Heap before GC invocations=27 (full 0):
 garbage-first heap   total 187392K, used 146432K [0x00000000a0000000, 0x0000000100000000)
  region size 1024K, 53 young (54272K), 7 survivors (7168K)
 Metaspace       used 82020K, capacity 85473K, committed 85888K, reserved 1124352K
  class space    used 10688K, capacity 11776K, committed 11904K, reserved 1048576K
}
Event: 18.227 GC heap after
{Heap after GC invocations=28 (full 0):
 garbage-first heap   total 187392K, used 105867K [0x00000000a0000000, 0x0000000100000000)
  region size 1024K, 6 young (6144K), 6 survivors (6144K)
 Metaspace       used 82020K, capacity 85473K, committed 85888K, reserved 1124352K
  class space    used 10688K, capacity 11776K, committed 11904K, reserved 1048576K
}

